time="2021-09-28T19:01:47+10:00" level=info msg="create router" func=main.main file="app.go:15\n"
time="2021-09-28T19:01:47+10:00" level=info msg="register user handler" func=main.main file="app.go:18\n"
time="2021-09-28T19:01:47+10:00" level=info msg="start application" func=main.start file="app.go:28\n"
time="2021-09-28T19:01:47+10:00" level=info msg="server is listening por 1234" func=main.start file="app.go:39\n"
time="2021-09-28T19:14:54+10:00" level=info msg="create router" func=main.main file="app.go:15\n"
time="2021-09-28T19:14:54+10:00" level=info msg="register user handler" func=main.main file="app.go:18\n"
time="2021-09-28T19:14:54+10:00" level=info msg="start application" func=main.start file="app.go:28\n"
time="2021-09-28T19:14:54+10:00" level=info msg="server is listening por 1234" func=main.start file="app.go:39\n"
time="2021-09-28T19:51:22+10:00" level=info msg="create router" func=main.main file="app.go:15\n"
time="2021-09-28T19:51:22+10:00" level=info msg="register user handler" func=main.main file="app.go:18\n"
time="2021-09-28T19:51:22+10:00" level=info msg="start application" func=main.start file="app.go:28\n"
time="2021-09-28T19:51:22+10:00" level=info msg="server is listening por 1234" func=main.start file="app.go:39\n"
time="2021-09-28T20:14:25+10:00" level=info msg="create router" func=main.main file="app.go:20\n"
time="2021-09-28T20:14:25+10:00" level=info msg="register user handler" func=main.main file="app.go:23\n"
time="2021-09-28T20:14:25+10:00" level=info msg="read application configuration" func=rest_api/internal/config.GetConfig.func1 file="config.go:26\n"
time="2021-09-28T20:14:25+10:00" level=info func=rest_api/internal/config.GetConfig.func1 file="config.go:30\n"
time="2021-09-28T20:14:25+10:00" level=fatal msg="open config.yml: The system cannot find the file specified." func=rest_api/internal/config.GetConfig.func1 file="config.go:31\n"
time="2021-09-28T20:19:01+10:00" level=info msg="create router" func=main.main file="app.go:20\n"
time="2021-09-28T20:19:01+10:00" level=info msg="register user handler" func=main.main file="app.go:23\n"
time="2021-09-28T20:19:01+10:00" level=info msg="read application configuration" func=rest_api/internal/config.GetConfig.func1 file="config.go:26\n"
time="2021-09-28T20:19:01+10:00" level=info func=rest_api/internal/config.GetConfig.func1 file="config.go:30\n"
time="2021-09-28T20:19:01+10:00" level=fatal msg="open config.yml: The system cannot find the file specified." func=rest_api/internal/config.GetConfig.func1 file="config.go:31\n"
time="2021-09-28T22:53:31+10:00" level=info msg="create router" func=main.main file="app.go:20\n"
time="2021-09-28T22:53:31+10:00" level=info msg="register user handler" func=main.main file="app.go:23\n"
time="2021-09-28T22:53:31+10:00" level=info msg="read application configuration" func=rest_api/internal/config.GetConfig.func1 file="config.go:26\n"
time="2021-09-28T22:53:31+10:00" level=info func=rest_api/internal/config.GetConfig.func1 file="config.go:30\n"
time="2021-09-28T22:53:31+10:00" level=fatal msg="config file parsing error: yaml: line 4: mapping values are not allowed in this context" func=rest_api/internal/config.GetConfig.func1 file="config.go:31\n"
time="2021-09-28T22:54:08+10:00" level=info msg="create router" func=main.main file="app.go:20\n"
time="2021-09-28T22:54:08+10:00" level=info msg="register user handler" func=main.main file="app.go:23\n"
time="2021-09-28T22:54:08+10:00" level=info msg="read application configuration" func=rest_api/internal/config.GetConfig.func1 file="config.go:26\n"
time="2021-09-28T22:54:08+10:00" level=info func=rest_api/internal/config.GetConfig.func1 file="config.go:30\n"
time="2021-09-28T22:54:08+10:00" level=fatal msg="open config.yml: The system cannot find the file specified." func=rest_api/internal/config.GetConfig.func1 file="config.go:31\n"
time="2021-09-28T23:02:13+10:00" level=info msg="create router" func=main.main file="app.go:20\n"
time="2021-09-28T23:02:13+10:00" level=info msg="register user handler" func=main.main file="app.go:23\n"
time="2021-09-28T23:02:13+10:00" level=info msg="read application configuration" func=rest_api/internal/config.GetConfig.func1 file="config.go:26\n"
time="2021-09-28T23:02:13+10:00" level=info func=rest_api/internal/config.GetConfig.func1 file="config.go:30\n"
time="2021-09-28T23:02:13+10:00" level=fatal msg="open config.yml: The system cannot find the file specified." func=rest_api/internal/config.GetConfig.func1 file="config.go:31\n"
time="2021-09-28T23:05:52+10:00" level=info msg="create router" func=main.main file="app.go:20\n"
time="2021-09-28T23:05:52+10:00" level=info msg="register user handler" func=main.main file="app.go:23\n"
time="2021-09-28T23:05:52+10:00" level=info msg="read application configuration" func=rest_api/internal/config.GetConfig.func1 file="config.go:26\n"
time="2021-09-28T23:05:52+10:00" level=info func=rest_api/internal/config.GetConfig.func1 file="config.go:30\n"
time="2021-09-28T23:05:52+10:00" level=fatal msg="config file parsing error: yaml: line 4: mapping values are not allowed in this context" func=rest_api/internal/config.GetConfig.func1 file="config.go:31\n"
time="2021-09-28T23:07:06+10:00" level=info msg="create router" func=main.main file="app.go:20\n"
time="2021-09-28T23:07:06+10:00" level=info msg="register user handler" func=main.main file="app.go:23\n"
time="2021-09-28T23:07:06+10:00" level=info msg="read application configuration" func=rest_api/internal/config.GetConfig.func1 file="config.go:25\n"
time="2021-09-28T23:07:06+10:00" level=info func=rest_api/internal/config.GetConfig.func1 file="config.go:29\n"
time="2021-09-28T23:07:06+10:00" level=fatal msg="open config.yml: The system cannot find the file specified." func=rest_api/internal/config.GetConfig.func1 file="config.go:30\n"
time="2021-09-28T23:12:11+10:00" level=info msg="create router" func=main.main file="app.go:20\n"
time="2021-09-28T23:12:11+10:00" level=info msg="register user handler" func=main.main file="app.go:23\n"
time="2021-09-28T23:12:11+10:00" level=info msg="read application configuration" func=rest_api/internal/config.GetConfig.func1 file="config.go:25\n"
time="2021-09-28T23:12:11+10:00" level=info func=rest_api/internal/config.GetConfig.func1 file="config.go:29\n"
time="2021-09-28T23:12:11+10:00" level=fatal msg="config file parsing error: yaml: line 4: mapping values are not allowed in this context" func=rest_api/internal/config.GetConfig.func1 file="config.go:30\n"
time="2021-09-28T23:28:11+10:00" level=info msg="create router" func=main.main file="app.go:20\n"
time="2021-09-28T23:28:11+10:00" level=info msg="register user handler" func=main.main file="app.go:23\n"
time="2021-09-28T23:28:11+10:00" level=info msg="read application configuration" func=rest_api/internal/config.GetConfig.func1 file="config.go:25\n"
time="2021-09-28T23:28:11+10:00" level=info func=rest_api/internal/config.GetConfig.func1 file="config.go:29\n"
time="2021-09-28T23:28:11+10:00" level=fatal msg="config file parsing error: yaml: line 4: mapping values are not allowed in this context" func=rest_api/internal/config.GetConfig.func1 file="config.go:30\n"
time="2021-09-28T23:29:50+10:00" level=info msg="create router" func=main.main file="app.go:20\n"
time="2021-09-28T23:29:50+10:00" level=info msg="register user handler" func=main.main file="app.go:23\n"
time="2021-09-28T23:29:50+10:00" level=info msg="read application configuration" func=rest_api/internal/config.GetConfig.func1 file="config.go:25\n"
time="2021-09-28T23:29:50+10:00" level=info func=rest_api/internal/config.GetConfig.func1 file="config.go:29\n"
time="2021-09-28T23:29:50+10:00" level=fatal msg="config file parsing error: yaml: line 4: mapping values are not allowed in this context" func=rest_api/internal/config.GetConfig.func1 file="config.go:30\n"
time="2021-09-28T23:30:37+10:00" level=info msg="create router" func=main.main file="app.go:20\n"
time="2021-09-28T23:30:37+10:00" level=info msg="register user handler" func=main.main file="app.go:23\n"
time="2021-09-28T23:30:37+10:00" level=info msg="read application configuration" func=rest_api/internal/config.GetConfig.func1 file="config.go:25\n"
time="2021-09-28T23:30:37+10:00" level=info func=rest_api/internal/config.GetConfig.func1 file="config.go:29\n"
time="2021-09-28T23:30:37+10:00" level=fatal msg="config file parsing error: yaml: line 4: mapping values are not allowed in this context" func=rest_api/internal/config.GetConfig.func1 file="config.go:30\n"
time="2021-09-28T23:31:53+10:00" level=info msg="create router" func=main.main file="app.go:20\n"
time="2021-09-28T23:31:53+10:00" level=info msg="register user handler" func=main.main file="app.go:23\n"
time="2021-09-28T23:31:53+10:00" level=info msg="read application configuration" func=rest_api/internal/config.GetConfig.func1 file="config.go:25\n"
time="2021-09-28T23:31:53+10:00" level=info func=rest_api/internal/config.GetConfig.func1 file="config.go:29\n"
time="2021-09-28T23:31:53+10:00" level=fatal msg="open config.yml: The system cannot find the file specified." func=rest_api/internal/config.GetConfig.func1 file="config.go:30\n"
time="2021-09-28T23:32:18+10:00" level=info msg="create router" func=main.main file="app.go:20\n"
time="2021-09-28T23:32:18+10:00" level=info msg="register user handler" func=main.main file="app.go:23\n"
time="2021-09-28T23:32:18+10:00" level=info msg="read application configuration" func=rest_api/internal/config.GetConfig.func1 file="config.go:25\n"
time="2021-09-28T23:32:18+10:00" level=info func=rest_api/internal/config.GetConfig.func1 file="config.go:29\n"
time="2021-09-28T23:32:18+10:00" level=fatal msg="config file parsing error: yaml: line 4: mapping values are not allowed in this context" func=rest_api/internal/config.GetConfig.func1 file="config.go:30\n"
time="2021-09-28T23:33:36+10:00" level=info msg="create router" func=main.main file="app.go:20\n"
time="2021-09-28T23:33:36+10:00" level=info msg="register user handler" func=main.main file="app.go:23\n"
time="2021-09-28T23:33:36+10:00" level=info msg="read application configuration" func=rest_api/internal/config.GetConfig.func1 file="config.go:25\n"
time="2021-09-28T23:33:36+10:00" level=info func=rest_api/internal/config.GetConfig.func1 file="config.go:29\n"
time="2021-09-28T23:33:36+10:00" level=fatal msg="config file parsing error: yaml: line 4: mapping values are not allowed in this context" func=rest_api/internal/config.GetConfig.func1 file="config.go:30\n"
time="2021-09-28T23:33:55+10:00" level=info msg="create router" func=main.main file="app.go:20\n"
time="2021-09-28T23:33:55+10:00" level=info msg="register user handler" func=main.main file="app.go:23\n"
time="2021-09-28T23:33:55+10:00" level=info msg="read application configuration" func=rest_api/internal/config.GetConfig.func1 file="config.go:25\n"
time="2021-09-28T23:33:55+10:00" level=info func=rest_api/internal/config.GetConfig.func1 file="config.go:29\n"
time="2021-09-28T23:33:55+10:00" level=fatal msg="config file parsing error: yaml: line 4: mapping values are not allowed in this context" func=rest_api/internal/config.GetConfig.func1 file="config.go:30\n"
time="2021-09-28T23:42:43+10:00" level=info msg="create router" func=main.main file="app.go:20\n"
time="2021-09-28T23:42:43+10:00" level=info msg="register user handler" func=main.main file="app.go:23\n"
time="2021-09-28T23:42:43+10:00" level=info msg="read application configuration" func=rest_api/internal/config.GetConfig.func1 file="config.go:25\n"
time="2021-09-28T23:42:43+10:00" level=info msg="start application" func=main.start file="app.go:35\n"
time="2021-09-28T23:42:43+10:00" level=info msg="listen tcp sokcet" func=main.start file="app.go:53\n"
time="2021-09-28T23:42:43+10:00" level=info msg="server is listening port %s:%s0.0.0.010000" func=main.start file="app.go:55\n"
